<?xml version="1.0" encoding="UTF-8"?>
<!-- Generated by org.testng.reporters.JUnitReportReporter -->
<testsuite hostname="LAPTOP-GK02EC8N" failures="0" tests="1" name="maven.seleniumjenkins.WebTest" time="11.959" errors="0" timestamp="2024-03-28T23:59:39 IST" skipped="0">
  <testcase classname="maven.seleniumjenkins.WebTest" name="startBrowser" time="11.959"/>
  <system-out/>
</testsuite> <!-- maven.seleniumjenkins.WebTest -->
